<?xml version="1.0" encoding="UTF-8"?>
<!-- Generated by org.testng.reporters.JUnitXMLReporter -->
<testsuite ignored="0" hostname="STECH-Mallik" failures="0" tests="3" name="ChromeTest" time="22.934" errors="0" timestamp="2021-07-08T19:37:34 IST">
  <testcase classname="com.org.testcases.PricingTest" name="loginApp" time="0.139"/>
  <testcase classname="com.org.testcases.PricingTest" name="searchItemTest" time="14.711"/>
  <testcase classname="com.org.testcases.PricingTest" name="startPricingTest" time="6.859"/>
</testsuite> <!-- ChromeTest -->
