<?xml version="1.0" encoding="UTF-8"?>
<!-- Generated by org.testng.reporters.JUnitXMLReporter -->
<testsuite ignored="0" hostname="STECH-Mallik" failures="0" tests="3" name="ChromeTest" time="99.552" errors="0" timestamp="2021-07-12T11:57:01 IST">
  <testcase classname="com.org.testcases.PricingTest" name="loginApp" time="0.255"/>
  <testcase classname="com.org.testcases.PricingTest" name="searchItemTest" time="8.777"/>
  <testcase classname="com.org.testcases.PricingTest" name="startPricingTest" time="86.836"/>
</testsuite> <!-- ChromeTest -->
