<?xml version="1.0" encoding="UTF-8"?>
<!-- Generated by org.testng.reporters.JUnitXMLReporter -->
<testsuite ignored="0" hostname="STECH-Mallik" failures="0" tests="4" name="Default test" time="49.578" errors="0" timestamp="2021-07-09T19:09:53 IST">
  <testcase classname="com.org.testcases.EnquiryPunchTest" name="loginAppWithInvalidCredentials" time="4.253"/>
  <testcase classname="com.org.testcases.EnquiryPunchTest" name="loginWithValidCredentials" time="2.185"/>
  <testcase classname="com.org.testcases.EnquiryPunchTest" name="searchItemTest" time="3.016"/>
  <testcase classname="com.org.testcases.EnquiryPunchTest" name="newInquiryPunchTest" time="36.481"/>
</testsuite> <!-- Default test -->
