<?xml version="1.0" encoding="UTF-8"?>
<testng-results ignored="0" total="4" passed="4" failed="0" skipped="0">
  <reporter-output>
  </reporter-output>
  <suite started-at="2021-07-09T19:09:03 IST" name="Default suite" finished-at="2021-07-09T19:09:53 IST" duration-ms="49578">
    <groups>
    </groups>
    <test started-at="2021-07-09T19:09:03 IST" name="Default test" finished-at="2021-07-09T19:09:53 IST" duration-ms="49578">
      <class name="com.org.testcases.EnquiryPunchTest">
        <test-method is-config="true" signature="setUpSuite()[pri:0, instance:com.org.testcases.EnquiryPunchTest@4313f5bc]" started-at="2021-07-09T19:09:02 IST" name="setUpSuite" finished-at="2021-07-09T19:09:03 IST" duration-ms="1678" status="PASS">
          <reporter-output>
          </reporter-output>
        </test-method> <!-- setUpSuite -->
        <test-method is-config="true" signature="setUp()[pri:0, instance:com.org.testcases.EnquiryPunchTest@4313f5bc]" started-at="2021-07-09T19:09:03 IST" name="setUp" finished-at="2021-07-09T19:09:04 IST" duration-ms="485" status="PASS">
          <reporter-output>
          </reporter-output>
        </test-method> <!-- setUp -->
        <test-method signature="loginAppWithInvalidCredentials()[pri:1, instance:com.org.testcases.EnquiryPunchTest@4313f5bc]" started-at="2021-07-09T19:09:04 IST" name="loginAppWithInvalidCredentials" finished-at="2021-07-09T19:09:08 IST" duration-ms="4253" status="PASS">
          <reporter-output>
          </reporter-output>
        </test-method> <!-- loginAppWithInvalidCredentials -->
        <test-method signature="loginWithValidCredentials()[pri:2, instance:com.org.testcases.EnquiryPunchTest@4313f5bc]" started-at="2021-07-09T19:09:08 IST" name="loginWithValidCredentials" finished-at="2021-07-09T19:09:10 IST" duration-ms="2185" status="PASS">
          <reporter-output>
          </reporter-output>
        </test-method> <!-- loginWithValidCredentials -->
        <test-method signature="searchItemTest()[pri:3, instance:com.org.testcases.EnquiryPunchTest@4313f5bc]" started-at="2021-07-09T19:09:10 IST" name="searchItemTest" finished-at="2021-07-09T19:09:13 IST" duration-ms="3016" status="PASS">
          <reporter-output>
          </reporter-output>
        </test-method> <!-- searchItemTest -->
        <test-method signature="newInquiryPunchTest()[pri:4, instance:com.org.testcases.EnquiryPunchTest@4313f5bc]" started-at="2021-07-09T19:09:13 IST" name="newInquiryPunchTest" finished-at="2021-07-09T19:09:50 IST" duration-ms="36481" status="PASS">
          <reporter-output>
          </reporter-output>
        </test-method> <!-- newInquiryPunchTest -->
        <test-method is-config="true" signature="closeDriver()[pri:0, instance:com.org.testcases.EnquiryPunchTest@4313f5bc]" started-at="2021-07-09T19:09:50 IST" name="closeDriver" finished-at="2021-07-09T19:09:53 IST" duration-ms="3115" status="PASS">
          <reporter-output>
          </reporter-output>
        </test-method> <!-- closeDriver -->
      </class> <!-- com.org.testcases.EnquiryPunchTest -->
    </test> <!-- Default test -->
  </suite> <!-- Default suite -->
</testng-results>
