<?xml version="1.0" encoding="UTF-8"?>
<testng-results ignored="0" total="3" passed="3" failed="0" skipped="0">
  <reporter-output>
  </reporter-output>
  <suite started-at="2021-07-12T11:55:21 IST" name="PricingTestSuite" finished-at="2021-07-12T11:57:01 IST" duration-ms="99552">
    <groups>
    </groups>
    <test started-at="2021-07-12T11:55:21 IST" name="ChromeTest" finished-at="2021-07-12T11:57:01 IST" duration-ms="99552">
      <class name="com.org.testcases.PricingTest">
        <test-method is-config="true" signature="setUpSuite()[pri:0, instance:com.org.testcases.PricingTest@4313f5bc]" started-at="2021-07-12T11:55:19 IST" name="setUpSuite" finished-at="2021-07-12T11:55:21 IST" duration-ms="1852" status="PASS">
          <reporter-output>
          </reporter-output>
        </test-method> <!-- setUpSuite -->
        <test-method is-config="true" signature="setUp()[pri:0, instance:com.org.testcases.PricingTest@4313f5bc]" started-at="2021-07-12T11:55:21 IST" name="setUp" finished-at="2021-07-12T11:55:25 IST" duration-ms="3651" status="PASS">
          <reporter-output>
          </reporter-output>
        </test-method> <!-- setUp -->
        <test-method signature="loginApp()[pri:1, instance:com.org.testcases.PricingTest@4313f5bc]" started-at="2021-07-12T11:55:25 IST" name="loginApp" finished-at="2021-07-12T11:55:25 IST" duration-ms="255" status="PASS">
          <reporter-output>
          </reporter-output>
        </test-method> <!-- loginApp -->
        <test-method signature="searchItemTest()[pri:2, instance:com.org.testcases.PricingTest@4313f5bc]" started-at="2021-07-12T11:55:25 IST" name="searchItemTest" finished-at="2021-07-12T11:55:34 IST" duration-ms="8777" status="PASS">
          <reporter-output>
          </reporter-output>
        </test-method> <!-- searchItemTest -->
        <test-method signature="startPricingTest()[pri:3, instance:com.org.testcases.PricingTest@4313f5bc]" started-at="2021-07-12T11:55:34 IST" name="startPricingTest" finished-at="2021-07-12T11:57:01 IST" duration-ms="86836" status="PASS">
          <reporter-output>
          </reporter-output>
        </test-method> <!-- startPricingTest -->
        <test-method is-config="true" signature="closeDriver()[pri:0, instance:com.org.testcases.PricingTest@4313f5bc]" started-at="2021-07-12T11:57:01 IST" name="closeDriver" finished-at="2021-07-12T11:57:06 IST" duration-ms="5104" status="PASS">
          <reporter-output>
          </reporter-output>
        </test-method> <!-- closeDriver -->
      </class> <!-- com.org.testcases.PricingTest -->
    </test> <!-- ChromeTest -->
  </suite> <!-- PricingTestSuite -->
</testng-results>
