<?xml version="1.0" encoding="UTF-8"?>
<!-- Generated by org.testng.reporters.JUnitXMLReporter -->
<testsuite ignored="0" hostname="STECH-Mallik" failures="1" tests="3" name="ChromeTest1" time="4.113" errors="0" timestamp="2021-04-04T16:05:30 IST">
  <testcase classname="com.org.testcases.EnquiryPunchTest" name="loginAppforEnquiry" time="0.001">
    <failure type="java.lang.NullPointerException" message="Cannot invoke &amp;quot;com.aventstack.extentreports.ExtentReports.createTest(String)&amp;quot; because &amp;quot;this.report&amp;quot; is null">
      <![CDATA[java.lang.NullPointerException: Cannot invoke "com.aventstack.extentreports.ExtentReports.createTest(String)" because "this.report" is null
at com.org.testcases.EnquiryPunchTest.loginAppforEnquiry(EnquiryPunchTest.java:112)
at java.base/java.util.concurrent.ThreadPoolExecutor.runWorker(ThreadPoolExecutor.java:1130)
at java.base/java.util.concurrent.ThreadPoolExecutor$Worker.run(ThreadPoolExecutor.java:630)
at java.base/java.lang.Thread.run(Thread.java:832)
... Removed 12 stack frames]]>
    </failure>
  </testcase> <!-- loginAppforEnquiry -->
  <testcase classname="com.org.testcases.EnquiryPunchTest" name="searchItemTest" time="0.0">
    <skipped/>
  </testcase> <!-- searchItemTest -->
  <testcase classname="com.org.testcases.EnquiryPunchTest" name="newInquiryPunchTest" time="0.0">
    <skipped/>
  </testcase> <!-- newInquiryPunchTest -->
</testsuite> <!-- ChromeTest1 -->
