<?xml version="1.0" encoding="UTF-8"?>
<!-- Generated by org.testng.reporters.JUnitXMLReporter -->
<testsuite ignored="0" hostname="STECH-Mallik" failures="0" tests="3" name="ChromeTest2" time="31.372" errors="0" timestamp="2021-04-04T16:06:02 IST">
  <testcase classname="com.org.testcases.EnquiryPunchTest" name="loginAppforEnquiry" time="0.19"/>
  <testcase classname="com.org.testcases.EnquiryPunchTest" name="searchItemTest" time="8.485"/>
  <testcase classname="com.org.testcases.EnquiryPunchTest" name="newInquiryPunchTest" time="18.389"/>
</testsuite> <!-- ChromeTest2 -->
