<?xml version="1.0" encoding="UTF-8"?>
<!-- Generated by org.testng.reporters.JUnitXMLReporter -->
<testsuite ignored="0" hostname="STECH-Mallik" failures="0" tests="4" name="ChromeTest" time="58.462" errors="0" timestamp="2021-07-12T11:54:48 IST">
  <testcase classname="com.org.testcases.EnquiryPunchTest" name="loginAppWithInvalidCredentials" time="4.457"/>
  <testcase classname="com.org.testcases.EnquiryPunchTest" name="loginWithValidCredentials" time="2.309"/>
  <testcase classname="com.org.testcases.EnquiryPunchTest" name="searchItemTest" time="4.881"/>
  <testcase classname="com.org.testcases.EnquiryPunchTest" name="newInquiryPunchTest" time="39.151"/>
</testsuite> <!-- ChromeTest -->
